<?xml version="1.0" encoding="UTF-8"?>
<!-- Generated by org.testng.reporters.JUnitReportReporter -->
<testsuite hostname="DELL" failures="0" tests="9" name="koowebapp.koo" time="30.254" errors="0" timestamp="28 Nov 2022 15:34:10 GMT">
  <testcase classname="koowebapp.koo" name="t1" time="3.104"/>
  <testcase classname="koowebapp.koo" name="t3" time="3.088"/>
  <testcase classname="koowebapp.koo" name="t2" time="5.167"/>
  <testcase classname="koowebapp.koo" name="t7" time="3.119"/>
  <testcase classname="koowebapp.koo" name="t5" time="3.231"/>
  <testcase classname="koowebapp.koo" name="t6" time="3.151"/>
  <testcase classname="koowebapp.koo" name="t8" time="3.093"/>
  <testcase classname="koowebapp.koo" name="t4" time="3.192"/>
  <testcase classname="koowebapp.koo" name="t9" time="3.109"/>
</testsuite> <!-- koowebapp.koo -->
